-------------------------------------------------------------------------------
Test set: com.upgrad.quora.api.controller.AnswerControllerTest
-------------------------------------------------------------------------------
Tests run: 14, Failures: 14, Errors: 0, Skipped: 0, Time elapsed: 27.468 s <<< FAILURE! - in com.upgrad.quora.api.controller.AnswerControllerTest
deleteAnswerWithNonExistingAccessToken(com.upgrad.quora.api.controller.AnswerControllerTest)  Time elapsed: 0.125 s  <<< FAILURE!
java.lang.AssertionError: Status expected:<403> but was:<404>
	at com.upgrad.quora.api.controller.AnswerControllerTest.deleteAnswerWithNonExistingAccessToken(AnswerControllerTest.java:87)

getAllAnswersToNonExistingQuestion(com.upgrad.quora.api.controller.AnswerControllerTest)  Time elapsed: 0.171 s  <<< FAILURE!
java.lang.AssertionError: JSON path "code" expected:<QUES-001> but was:<ATHR-001>
	at com.upgrad.quora.api.controller.AnswerControllerTest.getAllAnswersToNonExistingQuestion(AnswerControllerTest.java:136)

getAllAnswersToQuestionWithSignedOutUser(com.upgrad.quora.api.controller.AnswerControllerTest)  Time elapsed: 0.273 s  <<< FAILURE!
java.lang.AssertionError: Status expected:<403> but was:<404>
	at com.upgrad.quora.api.controller.AnswerControllerTest.getAllAnswersToQuestionWithSignedOutUser(AnswerControllerTest.java:127)

editAnswerWithNonExistingAccessToken(com.upgrad.quora.api.controller.AnswerControllerTest)  Time elapsed: 0.269 s  <<< FAILURE!
java.lang.AssertionError: Status expected:<403> but was:<404>
	at com.upgrad.quora.api.controller.AnswerControllerTest.editAnswerWithNonExistingAccessToken(AnswerControllerTest.java:55)

deleteAnswerWithSignedOutUser(com.upgrad.quora.api.controller.AnswerControllerTest)  Time elapsed: 0.43 s  <<< FAILURE!
java.lang.AssertionError: Status expected:<403> but was:<404>
	at com.upgrad.quora.api.controller.AnswerControllerTest.deleteAnswerWithSignedOutUser(AnswerControllerTest.java:95)

createAnswerForNonExistingQuestion(com.upgrad.quora.api.controller.AnswerControllerTest)  Time elapsed: 0.466 s  <<< FAILURE!
java.lang.AssertionError: JSON path "code" expected:<QUES-001> but was:<ATHR-002>
	at com.upgrad.quora.api.controller.AnswerControllerTest.createAnswerForNonExistingQuestion(AnswerControllerTest.java:48)

deleteAnswerWithoutOwnership(com.upgrad.quora.api.controller.AnswerControllerTest)  Time elapsed: 0.506 s  <<< FAILURE!
java.lang.AssertionError: Status expected:<403> but was:<404>
	at com.upgrad.quora.api.controller.AnswerControllerTest.deleteAnswerWithoutOwnership(AnswerControllerTest.java:111)

deleteNonExistingAnswer(com.upgrad.quora.api.controller.AnswerControllerTest)  Time elapsed: 0.605 s  <<< FAILURE!
java.lang.AssertionError: JSON path "code" expected:<ANS-001> but was:<ATHR-001>
	at com.upgrad.quora.api.controller.AnswerControllerTest.deleteNonExistingAnswer(AnswerControllerTest.java:104)

getAllAnswersToQuestionWithNonExistingAccessToken(com.upgrad.quora.api.controller.AnswerControllerTest)  Time elapsed: 1.04 s  <<< FAILURE!
java.lang.AssertionError: Status expected:<403> but was:<404>
	at com.upgrad.quora.api.controller.AnswerControllerTest.getAllAnswersToQuestionWithNonExistingAccessToken(AnswerControllerTest.java:119)

editAnswerWithoutOwnership(com.upgrad.quora.api.controller.AnswerControllerTest)  Time elapsed: 0.66 s  <<< FAILURE!
java.lang.AssertionError: Status expected:<403> but was:<404>
	at com.upgrad.quora.api.controller.AnswerControllerTest.editAnswerWithoutOwnership(AnswerControllerTest.java:79)

editAnswerWithSignedOutUser(com.upgrad.quora.api.controller.AnswerControllerTest)  Time elapsed: 1.224 s  <<< FAILURE!
java.lang.AssertionError: Status expected:<403> but was:<404>
	at com.upgrad.quora.api.controller.AnswerControllerTest.editAnswerWithSignedOutUser(AnswerControllerTest.java:63)

createAnswerWithNonExistingAccessToken(com.upgrad.quora.api.controller.AnswerControllerTest)  Time elapsed: 0.741 s  <<< FAILURE!
java.lang.AssertionError: Status expected:<403> but was:<404>
	at com.upgrad.quora.api.controller.AnswerControllerTest.createAnswerWithNonExistingAccessToken(AnswerControllerTest.java:31)

createAnswerWithSignedOutUser(com.upgrad.quora.api.controller.AnswerControllerTest)  Time elapsed: 0.776 s  <<< FAILURE!
java.lang.AssertionError: Status expected:<403> but was:<404>
	at com.upgrad.quora.api.controller.AnswerControllerTest.createAnswerWithSignedOutUser(AnswerControllerTest.java:39)

editNonExistingAnswer(com.upgrad.quora.api.controller.AnswerControllerTest)  Time elapsed: 0.911 s  <<< FAILURE!
java.lang.AssertionError: JSON path "code" expected:<ANS-001> but was:<ATHR-002>
	at com.upgrad.quora.api.controller.AnswerControllerTest.editNonExistingAnswer(AnswerControllerTest.java:72)

